<?xml version="1.0" encoding="UTF-8"?>
<!-- Generated by org.testng.reporters.JUnitReportReporter -->
<testsuite skipped="0" hostname="Nidhin-PC" name="com.saal.qa.testcases.B_Scenario2PageTest" tests="1" failures="0" timestamp="26 Jun 2019 23:48:38 GMT" time="149.073" errors="0">
  <testcase name="validateScenarioTwo" time="149.073" classname="com.saal.qa.testcases.B_Scenario2PageTest"/>
</testsuite> <!-- com.saal.qa.testcases.B_Scenario2PageTest -->
