<?xml version="1.0" encoding="UTF-8"?>
<!-- Generated by org.testng.reporters.JUnitReportReporter -->
<testsuite skipped="0" hostname="Nidhin-PC" name="com.saal.qa.testcases.A_Scenario1PageTest" tests="1" failures="0" timestamp="27 Jun 2019 01:25:15 GMT" time="204.791" errors="0">
  <testcase name="validateCreateNewContact" time="204.791" classname="com.saal.qa.testcases.A_Scenario1PageTest"/>
</testsuite> <!-- com.saal.qa.testcases.A_Scenario1PageTest -->
