<?xml version="1.0" encoding="UTF-8"?>
<!-- Generated by org.testng.reporters.JUnitReportReporter -->
<testsuite skipped="0" hostname="Nidhin-PC" name="com.saal.qa.testcases.A_Scenario1PageTest" tests="1" failures="0" timestamp="26 Jun 2019 23:48:38 GMT" time="187.201" errors="0">
  <testcase name="validateCreateNewContact" time="187.201" classname="com.saal.qa.testcases.A_Scenario1PageTest"/>
</testsuite> <!-- com.saal.qa.testcases.A_Scenario1PageTest -->
