<?xml version="1.0" encoding="UTF-8"?>
<!-- Generated by org.testng.reporters.JUnitReportReporter -->
<testsuite skipped="0" hostname="Nidhin-PC" name="com.saal.qa.testcases.B_Scenario2PageTest" tests="1" failures="0" timestamp="27 Jun 2019 01:25:15 GMT" time="123.962" errors="0">
  <testcase name="validateScenarioTwo" time="123.962" classname="com.saal.qa.testcases.B_Scenario2PageTest"/>
</testsuite> <!-- com.saal.qa.testcases.B_Scenario2PageTest -->
